mpif-sizeof.h:66:41:

Error: Array specification at (1) has more than 7 dimensions
mpif-sizeof.h:72:41:

Error: Array specification at (1) has more than 7 dimensions
mpif-sizeof.h:78:41:

Error: Array specification at (1) has more than 7 dimensions
mpif-sizeof.h:84:41:

Error: Array specification at (1) has more than 7 dimensions
mpif-sizeof.h:90:41:

Error: Array specification at (1) has more than 7 dimensions
mpif-sizeof.h:96:41:

Error: Array specification at (1) has more than 7 dimensions
mpif-sizeof.h:102:41:

Error: Array specification at (1) has more than 7 dimensions
mpif-sizeof.h:108:41:

Error: Array specification at (1) has more than 7 dimensions
mpif-sizeof.h:171:48:

Error: Array specification at (1) has more than 7 dimensions
mpif-sizeof.h:178:48:

Error: Array specification at (1) has more than 7 dimensions
mpif-sizeof.h:185:48:

Error: Array specification at (1) has more than 7 dimensions
mpif-sizeof.h:192:48:

Error: Array specification at (1) has more than 7 dimensions
mpif-sizeof.h:199:48:

Error: Array specification at (1) has more than 7 dimensions
mpif-sizeof.h:206:48:

Error: Array specification at (1) has more than 7 dimensions
mpif-sizeof.h:213:48:

Error: Array specification at (1) has more than 7 dimensions
mpif-sizeof.h:220:48:

Error: Array specification at (1) has more than 7 dimensions
mpif-sizeof.h:283:47:

Error: Array specification at (1) has more than 7 dimensions
mpif-sizeof.h:290:47:

Error: Array specification at (1) has more than 7 dimensions
mpif-sizeof.h:297:47:

Error: Array specification at (1) has more than 7 dimensions
mpif-sizeof.h:304:47:

Error: Array specification at (1) has more than 7 dimensions
mpif-sizeof.h:311:47:

Error: Array specification at (1) has more than 7 dimensions
mpif-sizeof.h:318:47:

Error: Array specification at (1) has more than 7 dimensions
mpif-sizeof.h:325:47:

Error: Array specification at (1) has more than 7 dimensions
mpif-sizeof.h:332:47:

Error: Array specification at (1) has more than 7 dimensions
mpif-sizeof.h:395:47:

Error: Array specification at (1) has more than 7 dimensions
mpif-sizeof.h:402:47:

Error: Array specification at (1) has more than 7 dimensions
mpif-sizeof.h:409:47:

Error: Array specification at (1) has more than 7 dimensions
mpif-sizeof.h:416:47:

Error: Array specification at (1) has more than 7 dimensions
mpif-sizeof.h:423:47:

Error: Array specification at (1) has more than 7 dimensions
mpif-sizeof.h:430:47:

Error: Array specification at (1) has more than 7 dimensions
mpif-sizeof.h:437:47:

Error: Array specification at (1) has more than 7 dimensions
mpif-sizeof.h:444:47:

Error: Array specification at (1) has more than 7 dimensions
mpif-sizeof.h:507:46:

Error: Array specification at (1) has more than 7 dimensions
mpif-sizeof.h:514:46:

Error: Array specification at (1) has more than 7 dimensions
mpif-sizeof.h:521:46:

Error: Array specification at (1) has more than 7 dimensions
mpif-sizeof.h:528:46:

Error: Array specification at (1) has more than 7 dimensions
mpif-sizeof.h:535:46:

Error: Array specification at (1) has more than 7 dimensions
mpif-sizeof.h:542:46:

Error: Array specification at (1) has more than 7 dimensions
mpif-sizeof.h:549:46:

Error: Array specification at (1) has more than 7 dimensions
mpif-sizeof.h:556:46:

Error: Array specification at (1) has more than 7 dimensions
mpif-sizeof.h:619:46:

Error: Array specification at (1) has more than 7 dimensions
mpif-sizeof.h:626:46:

Error: Array specification at (1) has more than 7 dimensions
mpif-sizeof.h:633:46:

Error: Array specification at (1) has more than 7 dimensions
mpif-sizeof.h:640:46:

Error: Array specification at (1) has more than 7 dimensions
mpif-sizeof.h:647:46:

Error: Array specification at (1) has more than 7 dimensions
mpif-sizeof.h:654:46:

Error: Array specification at (1) has more than 7 dimensions
mpif-sizeof.h:661:46:

Error: Array specification at (1) has more than 7 dimensions
mpif-sizeof.h:668:46:

Error: Array specification at (1) has more than 7 dimensions
mpif-sizeof.h:731:46:

Error: Array specification at (1) has more than 7 dimensions
mpif-sizeof.h:738:46:

Error: Array specification at (1) has more than 7 dimensions
mpif-sizeof.h:745:46:

Error: Array specification at (1) has more than 7 dimensions
mpif-sizeof.h:752:46:

Error: Array specification at (1) has more than 7 dimensions
mpif-sizeof.h:759:46:

Error: Array specification at (1) has more than 7 dimensions
mpif-sizeof.h:766:46:

Error: Array specification at (1) has more than 7 dimensions
mpif-sizeof.h:773:46:

Error: Array specification at (1) has more than 7 dimensions
mpif-sizeof.h:780:46:

Error: Array specification at (1) has more than 7 dimensions
mpif-sizeof.h:843:45:

Error: Array specification at (1) has more than 7 dimensions
mpif-sizeof.h:850:45:

Error: Array specification at (1) has more than 7 dimensions
mpif-sizeof.h:857:45:

Error: Array specification at (1) has more than 7 dimensions
mpif-sizeof.h:864:45:

Error: Array specification at (1) has more than 7 dimensions
mpif-sizeof.h:871:45:

Error: Array specification at (1) has more than 7 dimensions
mpif-sizeof.h:878:45:

Error: Array specification at (1) has more than 7 dimensions
mpif-sizeof.h:885:45:

Error: Array specification at (1) has more than 7 dimensions
mpif-sizeof.h:892:45:

Error: Array specification at (1) has more than 7 dimensions
mpif-sizeof.h:946:39:

Error: Array specification at (1) has more than 7 dimensions
mpif-sizeof.h:952:39:

Error: Array specification at (1) has more than 7 dimensions
mpif-sizeof.h:958:39:

Error: Array specification at (1) has more than 7 dimensions
mpif-sizeof.h:964:39:

Error: Array specification at (1) has more than 7 dimensions
mpif-sizeof.h:970:39:

Error: Array specification at (1) has more than 7 dimensions
mpif-sizeof.h:976:39:

Error: Array specification at (1) has more than 7 dimensions
mpif-sizeof.h:982:39:

Error: Array specification at (1) has more than 7 dimensions
mpif-sizeof.h:988:39:

Error: Array specification at (1) has more than 7 dimensions
mpif-sizeof.h:1051:45:

Error: Array specification at (1) has more than 7 dimensions
mpif-sizeof.h:1058:45:

Error: Array specification at (1) has more than 7 dimensions
mpif-sizeof.h:1065:45:

Error: Array specification at (1) has more than 7 dimensions
mpif-sizeof.h:1072:45:

Error: Array specification at (1) has more than 7 dimensions
mpif-sizeof.h:1079:45:

Error: Array specification at (1) has more than 7 dimensions
mpif-sizeof.h:1086:45:

Error: Array specification at (1) has more than 7 dimensions
mpif-sizeof.h:1093:45:

Error: Array specification at (1) has more than 7 dimensions
mpif-sizeof.h:1100:45:

Error: Array specification at (1) has more than 7 dimensions
mpif-sizeof.h:1163:44:

Error: Array specification at (1) has more than 7 dimensions
mpif-sizeof.h:1170:44:

Error: Array specification at (1) has more than 7 dimensions
mpif-sizeof.h:1177:44:

Error: Array specification at (1) has more than 7 dimensions
mpif-sizeof.h:1184:44:

Error: Array specification at (1) has more than 7 dimensions
mpif-sizeof.h:1191:44:

Error: Array specification at (1) has more than 7 dimensions
mpif-sizeof.h:1198:44:

Error: Array specification at (1) has more than 7 dimensions
mpif-sizeof.h:1205:44:

Error: Array specification at (1) has more than 7 dimensions
mpif-sizeof.h:1212:44:

Error: Array specification at (1) has more than 7 dimensions
mpif-sizeof.h:1275:44:

Error: Array specification at (1) has more than 7 dimensions
mpif-sizeof.h:1282:44:

Error: Array specification at (1) has more than 7 dimensions
mpif-sizeof.h:1289:44:

Error: Array specification at (1) has more than 7 dimensions
mpif-sizeof.h:1296:44:

Error: Array specification at (1) has more than 7 dimensions
mpif-sizeof.h:1303:44:

Error: Array specification at (1) has more than 7 dimensions
mpif-sizeof.h:1310:44:

Error: Array specification at (1) has more than 7 dimensions
mpif-sizeof.h:1317:44:

Error: Array specification at (1) has more than 7 dimensions
mpif-sizeof.h:1324:44:

Error: Array specification at (1) has more than 7 dimensions
mpif-sizeof.h:1382:41:

Error: Array specification at (1) has more than 7 dimensions
mpif-sizeof.h:1388:41:

Error: Array specification at (1) has more than 7 dimensions
mpif-sizeof.h:1394:41:

Error: Array specification at (1) has more than 7 dimensions
mpif-sizeof.h:1400:41:

Error: Array specification at (1) has more than 7 dimensions
mpif-sizeof.h:1406:41:

Error: Array specification at (1) has more than 7 dimensions
mpif-sizeof.h:1412:41:

Error: Array specification at (1) has more than 7 dimensions
mpif-sizeof.h:1418:41:

Error: Array specification at (1) has more than 7 dimensions
mpif-sizeof.h:1424:41:

Error: Array specification at (1) has more than 7 dimensions
mpif-sizeof.h:1487:48:

Error: Array specification at (1) has more than 7 dimensions
mpif-sizeof.h:1494:48:

Error: Array specification at (1) has more than 7 dimensions
mpif-sizeof.h:1501:48:

Error: Array specification at (1) has more than 7 dimensions
mpif-sizeof.h:1508:48:

Error: Array specification at (1) has more than 7 dimensions
mpif-sizeof.h:1515:48:

Error: Array specification at (1) has more than 7 dimensions
mpif-sizeof.h:1522:48:

Error: Array specification at (1) has more than 7 dimensions
mpif-sizeof.h:1529:48:

Error: Array specification at (1) has more than 7 dimensions
mpif-sizeof.h:1536:48:

Error: Array specification at (1) has more than 7 dimensions
mpif-sizeof.h:1599:47:

Error: Array specification at (1) has more than 7 dimensions
mpif-sizeof.h:1606:47:

Error: Array specification at (1) has more than 7 dimensions
mpif-sizeof.h:1613:47:

Error: Array specification at (1) has more than 7 dimensions
mpif-sizeof.h:1620:47:

Error: Array specification at (1) has more than 7 dimensions
mpif-sizeof.h:1627:47:

Error: Array specification at (1) has more than 7 dimensions
mpif-sizeof.h:1634:47:

Error: Array specification at (1) has more than 7 dimensions
mpif-sizeof.h:1641:47:

Error: Array specification at (1) has more than 7 dimensions
mpif-sizeof.h:1648:47:

Error: Array specification at (1) has more than 7 dimensions
mpif-sizeof.h:1711:47:

Error: Array specification at (1) has more than 7 dimensions
mpif-sizeof.h:1718:47:

Error: Array specification at (1) has more than 7 dimensions
mpif-sizeof.h:1725:47:

Error: Array specification at (1) has more than 7 dimensions
mpif-sizeof.h:1732:47:

Error: Array specification at (1) has more than 7 dimensions
mpif-sizeof.h:1739:47:

Error: Array specification at (1) has more than 7 dimensions
mpif-sizeof.h:1746:47:

Error: Array specification at (1) has more than 7 dimensions
mpif-sizeof.h:1753:47:

Error: Array specification at (1) has more than 7 dimensions
mpif-sizeof.h:1760:47:

Error: Array specification at (1) has more than 7 dimensions
mpif-sizeof.h:1823:46:

Error: Array specification at (1) has more than 7 dimensions
mpif-sizeof.h:1830:46:

Error: Array specification at (1) has more than 7 dimensions
mpif-sizeof.h:1837:46:

Error: Array specification at (1) has more than 7 dimensions
mpif-sizeof.h:1844:46:

Error: Array specification at (1) has more than 7 dimensions
mpif-sizeof.h:1851:46:

Error: Array specification at (1) has more than 7 dimensions
mpif-sizeof.h:1858:46:

Error: Array specification at (1) has more than 7 dimensions
mpif-sizeof.h:1865:46:

Error: Array specification at (1) has more than 7 dimensions
mpif-sizeof.h:1872:46:

Error: Array specification at (1) has more than 7 dimensions
mpif-sizeof.h:1935:46:

Error: Array specification at (1) has more than 7 dimensions
mpif-sizeof.h:1942:46:

Error: Array specification at (1) has more than 7 dimensions
mpif-sizeof.h:1949:46:

Error: Array specification at (1) has more than 7 dimensions
mpif-sizeof.h:1956:46:

Error: Array specification at (1) has more than 7 dimensions
mpif-sizeof.h:1963:46:

Error: Array specification at (1) has more than 7 dimensions
mpif-sizeof.h:1970:46:

Error: Array specification at (1) has more than 7 dimensions
mpif-sizeof.h:1977:46:

Error: Array specification at (1) has more than 7 dimensions
mpif-sizeof.h:1984:46:

Error: Array specification at (1) has more than 7 dimensions
mpif-sizeof.h:2047:46:

Error: Array specification at (1) has more than 7 dimensions
mpif-sizeof.h:2054:46:

Error: Array specification at (1) has more than 7 dimensions
mpif-sizeof.h:2061:46:

Error: Array specification at (1) has more than 7 dimensions
mpif-sizeof.h:2068:46:

Error: Array specification at (1) has more than 7 dimensions
mpif-sizeof.h:2075:46:

Error: Array specification at (1) has more than 7 dimensions
mpif-sizeof.h:2082:46:

Error: Array specification at (1) has more than 7 dimensions
mpif-sizeof.h:2089:46:

Error: Array specification at (1) has more than 7 dimensions
mpif-sizeof.h:2096:46:

Error: Array specification at (1) has more than 7 dimensions
mpif-sizeof.h:2159:45:

Error: Array specification at (1) has more than 7 dimensions
mpif-sizeof.h:2166:45:

Error: Array specification at (1) has more than 7 dimensions
mpif-sizeof.h:2173:45:

Error: Array specification at (1) has more than 7 dimensions
mpif-sizeof.h:2180:45:

Error: Array specification at (1) has more than 7 dimensions
mpif-sizeof.h:2187:45:

Error: Array specification at (1) has more than 7 dimensions
mpif-sizeof.h:2194:45:

Error: Array specification at (1) has more than 7 dimensions
mpif-sizeof.h:2201:45:

Error: Array specification at (1) has more than 7 dimensions
mpif-sizeof.h:2208:45:

Error: Array specification at (1) has more than 7 dimensions
mpif-sizeof.h:2262:39:

Error: Array specification at (1) has more than 7 dimensions
mpif-sizeof.h:2268:39:

Error: Array specification at (1) has more than 7 dimensions
mpif-sizeof.h:2274:39:

Error: Array specification at (1) has more than 7 dimensions
mpif-sizeof.h:2280:39:

Error: Array specification at (1) has more than 7 dimensions
mpif-sizeof.h:2286:39:

Error: Array specification at (1) has more than 7 dimensions
mpif-sizeof.h:2292:39:

Error: Array specification at (1) has more than 7 dimensions
mpif-sizeof.h:2298:39:

Error: Array specification at (1) has more than 7 dimensions
mpif-sizeof.h:2304:39:

Error: Array specification at (1) has more than 7 dimensions
mpif-sizeof.h:2367:45:

Error: Array specification at (1) has more than 7 dimensions
mpif-sizeof.h:2374:45:

Error: Array specification at (1) has more than 7 dimensions
mpif-sizeof.h:2381:45:

Error: Array specification at (1) has more than 7 dimensions
mpif-sizeof.h:2388:45:

Error: Array specification at (1) has more than 7 dimensions
mpif-sizeof.h:2395:45:

Error: Array specification at (1) has more than 7 dimensions
mpif-sizeof.h:2402:45:

Error: Array specification at (1) has more than 7 dimensions
mpif-sizeof.h:2409:45:

Error: Array specification at (1) has more than 7 dimensions
mpif-sizeof.h:2416:45:

Error: Array specification at (1) has more than 7 dimensions
mpif-sizeof.h:2479:44:

Error: Array specification at (1) has more than 7 dimensions
mpif-sizeof.h:2486:44:

Error: Array specification at (1) has more than 7 dimensions
mpif-sizeof.h:2493:44:

Error: Array specification at (1) has more than 7 dimensions
mpif-sizeof.h:2500:44:

Error: Array specification at (1) has more than 7 dimensions
mpif-sizeof.h:2507:44:

Error: Array specification at (1) has more than 7 dimensions
mpif-sizeof.h:2514:44:

Error: Array specification at (1) has more than 7 dimensions
mpif-sizeof.h:2521:44:

Error: Array specification at (1) has more than 7 dimensions
mpif-sizeof.h:2528:44:

Error: Array specification at (1) has more than 7 dimensions
mpif-sizeof.h:2591:44:

Error: Array specification at (1) has more than 7 dimensions
mpif-sizeof.h:2598:44:

Error: Array specification at (1) has more than 7 dimensions
mpif-sizeof.h:2605:44:

Error: Array specification at (1) has more than 7 dimensions
mpif-sizeof.h:2612:44:

Error: Array specification at (1) has more than 7 dimensions
mpif-sizeof.h:2619:44:

Error: Array specification at (1) has more than 7 dimensions
mpif-sizeof.h:2626:44:

Error: Array specification at (1) has more than 7 dimensions
mpif-sizeof.h:2633:44:

Error: Array specification at (1) has more than 7 dimensions
mpif-sizeof.h:2640:44:

Error: Array specification at (1) has more than 7 dimensions
mpiMod.F90:3:13:

     use kinds
             1
Error: USE statement at (1) cannot follow INTERFACE statement at (2)
mpiMod.F90:4:15:

     use gridMod
               1
Error: USE statement at (1) cannot follow INTERFACE statement at (2)
mpif-sizeof.h:1315:38:

mpif-sizeof.h:1322:38:

Error: Ambiguous interfaces in generic interface 'mpi_sizeof' for ‘mpi_sizeof_real64_r14’ at (1) and ‘mpi_sizeof_real64_r15’ at (2)
mpif-sizeof.h:2631:39:

mpif-sizeof.h:2638:39:

Error: Ambiguous interfaces in generic interface 'pmpi_sizeof' for ‘pmpi_sizeof_real64_r14’ at (1) and ‘pmpi_sizeof_real64_r15’ at (2)
make: *** [mpiMod.o] Error 1
